<?xml version="1.0" encoding="UTF-8"?>
<!-- Generated by org.testng.reporters.JUnitReportReporter -->
<testsuite skipped="0" hostname="ip-172-31-92-120" name="test.Testcase2" tests="1" failures="0" timestamp="2021-10-25T07:01:20 UTC" time="0.005" errors="0">
  <testcase name="CreditCardTest" time="0.005" classname="test.Testcase2"/>
  <system-out/>
</testsuite> <!-- test.Testcase2 -->
