<?xml version="1.0" encoding="UTF-8"?>
<!-- Generated by org.testng.reporters.JUnitReportReporter -->
<testsuite skipped="0" hostname="ip-172-31-92-120" name="testNg.Testcase1" tests="3" failures="0" timestamp="2021-11-07T13:38:05 UTC" time="0.013" errors="0">
  <testcase name="HomeLoanTest" time="0.010" classname="testNg.Testcase1"/>
  <system-out/>
  <testcase name="HomeLoanTest1" time="0.002" classname="testNg.Testcase1"/>
  <system-out/>
  <testcase name="CarLoanTest" time="0.001" classname="testNg.Testcase1"/>
  <system-out/>
</testsuite> <!-- testNg.Testcase1 -->
